<?xml version="1.0" encoding="UTF-8"?><testsuites><testsuite tests="396" duration="669.62" startdate="10-Sep-2007 11:20:20"><test hash="3438527be706a6fb2708" name="tests/mpt_init_hook" file="tests/mpt_init_hook.m" status="error" duration="0"><error>Input argument "action" is undefined.

Error in ==&gt; &lt;a href="matlab: opentoline('/home/michal/matlab/mpt/mpt-26x-tests/tests/mpt_init_hook.m', 6)"&gt;/home/michal/matlab/mpt/mpt-26x-tests/tests/mpt_init_hook.m&lt;/a&gt;
On line 6
</error></test><test hash="daf97615a61305dffa58" name="tests/analysis/lti1d" file="tests/analysis/lti1d.m" status="ok" duration="0.01"></test><test hash="2b83c1ac8c20e54da5d8" name="tests/analysis/mpt_getCommonSOSLyapFct_test1" file="tests/analysis/mpt_getCommonSOSLyapFct_test1.m" status="ok" duration="0.15"></test><test hash="e826eb2e0f6380252128" name="tests/analysis/mpt_infsetPWA_test1" file="tests/analysis/mpt_infsetPWA_test1.m" status="ok" duration="0.22"></test><test hash="210b0f207ba3635f0ca3" name="tests/analysis/mpt_infsetPWA_test2" file="tests/analysis/mpt_infsetPWA_test2.m" status="ok" duration="1.88"></test><test hash="9f000e48ad7bfd7f034b" name="tests/analysis/mpt_infset_test1" file="tests/analysis/mpt_infset_test1.m" status="ok" duration="0.13"></test><test hash="50ad2e5e96112b7130a8" name="tests/analysis/mpt_infset_test2" file="tests/analysis/mpt_infset_test2.m" status="ok" duration="0.12"></test><test hash="e19c0f644a72f47a4cd6" name="tests/analysis/mpt_invariantSet_test1" file="tests/analysis/mpt_invariantSet_test1.m" status="ok" duration="1.4"></test><test hash="7c2d45d4bebc0675b207" name="tests/analysis/mpt_isPWAbigger_test1" file="tests/analysis/mpt_isPWAbigger_test1.m" status="ok" duration="0.19"></test><test hash="71f2af2db0fab86dd2d9" name="tests/analysis/mpt_lyapunov_test1" file="tests/analysis/mpt_lyapunov_test1.m" status="ok" duration="1.25"></test><test hash="53419a133a5532c7e132" name="tests/analysis/mpt_lyapunov_test2" file="tests/analysis/mpt_lyapunov_test2.m" status="warning" duration="2.97"></test><test hash="2228e8047a00585f5360" name="tests/analysis/mpt_lyapunov_test3" file="tests/analysis/mpt_lyapunov_test3.m" status="ok" duration="1.34"></test><test hash="6392d11749920697ce84" name="tests/analysis/mpt_lyapunov_test4" file="tests/analysis/mpt_lyapunov_test4.m" status="ok" duration="1.57"></test><test hash="a2264928e60a045e24e7" name="tests/analysis/mpt_lyapunov_test5" file="tests/analysis/mpt_lyapunov_test5.m" status="ok" duration="2.03"></test><test hash="6f2239ab66016a1eb7fb" name="tests/analysis/mpt_lyapunov_test6" file="tests/analysis/mpt_lyapunov_test6.m" status="ok" duration="0.12"></test><test hash="0313a3022fcba3479b65" name="tests/analysis/mpt_maxCtrlSet_test1" file="tests/analysis/mpt_maxCtrlSet_test1.m" status="ok" duration="0.42"></test><test hash="7edcc28dc549c95de0b5" name="tests/analysis/mpt_maxCtrlSet_test2" file="tests/analysis/mpt_maxCtrlSet_test2.m" status="ok" duration="0.23"></test><test hash="db6b51663a475b8ccae2" name="tests/analysis/mpt_maxCtrlSet_test3" file="tests/analysis/mpt_maxCtrlSet_test3.m" status="ok" duration="0.29"></test><test hash="8778a6c9de745d5ab808" name="tests/analysis/mpt_maxCtrlSet_test4" file="tests/analysis/mpt_maxCtrlSet_test4.m" status="ok" duration="0.22"></test><test hash="ffbec8e907943236aa71" name="tests/analysis/mpt_maxCtrlSet_test5" file="tests/analysis/mpt_maxCtrlSet_test5.m" status="ok" duration="0.12"></test><test hash="5c9a9db511aad7f82fb8" name="tests/analysis/mpt_reachSets_test1" file="tests/analysis/mpt_reachSets_test1.m" status="ok" duration="0.92"></test><test hash="f9eb8e71296f3d7d2abf" name="tests/analysis/mpt_reachSets_test2" file="tests/analysis/mpt_reachSets_test2.m" status="ok" duration="0.2"></test><test hash="ce6a8174109f6770fe42" name="tests/analysis/mpt_reachSets_test3" file="tests/analysis/mpt_reachSets_test3.m" status="ok" duration="0.21"></test><test hash="c94bc3d675f228a31483" name="tests/analysis/mpt_reachSets_test4" file="tests/analysis/mpt_reachSets_test4.m" status="ok" duration="0.08"></test><test hash="b95a69e1caf84dff13a1" name="tests/analysis/mpt_reachXU_test1" file="tests/analysis/mpt_reachXU_test1.m" status="ok" duration="0.06"></test><test hash="07ae8c753b8c38b09dce" name="tests/analysis/mpt_removeOverlaps_test1" file="tests/analysis/mpt_removeOverlaps_test1.m" status="ok" duration="0.22"></test><test hash="d6dfdea51f36425a9f49" name="tests/analysis/mpt_removeOverlaps_test2" file="tests/analysis/mpt_removeOverlaps_test2.m" status="ok" duration="0.97"></test><test hash="f56e6fa916bb0d048474" name="tests/analysis/mpt_removeOverlaps_test3" file="tests/analysis/mpt_removeOverlaps_test3.m" status="ok" duration="0.1"></test><test hash="4b290c5a8139176ec922" name="tests/analysis/mpt_removeOverlaps_test4" file="tests/analysis/mpt_removeOverlaps_test4.m" status="ok" duration="0.04"></test><test hash="3cec60123d133ce00168" name="tests/analysis/mpt_removeOverlaps_test5" file="tests/analysis/mpt_removeOverlaps_test5.m" status="ok" duration="0.04"></test><test hash="c213a01c8ebb71bf5d5c" name="tests/analysis/mpt_removeOverlaps_test6" file="tests/analysis/mpt_removeOverlaps_test6.m" status="ok" duration="0.24"></test><test hash="d8928f52eb775707c4ca" name="tests/analysis/mpt_removeOverlaps_test7" file="tests/analysis/mpt_removeOverlaps_test7.m" status="ok" duration="0.06"></test><test hash="ecc343c54f58205ee590" name="tests/analysis/mpt_searchTree_issue519" file="tests/analysis/mpt_searchTree_issue519.m" status="ok" duration="25.6"></test><test hash="609d212de316f73956b5" name="tests/analysis/mpt_searchTree_test1" file="tests/analysis/mpt_searchTree_test1.m" status="ok" duration="0.07"></test><test hash="0d7863692d4344ee9e6e" name="tests/analysis/mpt_searchTree_test2" file="tests/analysis/mpt_searchTree_test2.m" status="ok" duration="0.15"></test><test hash="324aa2cf3a3cafb0c876" name="tests/analysis/mpt_searchTree_test3" file="tests/analysis/mpt_searchTree_test3.m" status="ok" duration="3.82"></test><test hash="b80d2764a783544b79d3" name="tests/analysis/mpt_searchTree_test4" file="tests/analysis/mpt_searchTree_test4.m" status="ok" duration="0.15"></test><test hash="51083212c1a9cf55b222" name="tests/analysis/mpt_searchTree_test5" file="tests/analysis/mpt_searchTree_test5.m" status="ok" duration="5.97"></test><test hash="69d2d475aa9ef70b9889" name="tests/analysis/mpt_simplify_test1" file="tests/analysis/mpt_simplify_test1.m" status="ok" duration="0.2"></test><test hash="6f79138fee793ba57e4c" name="tests/analysis/mpt_simplify_test2" file="tests/analysis/mpt_simplify_test2.m" status="ok" duration="0.26"></test><test hash="d98d9bc323ad1bb59feb" name="tests/analysis/mpt_transmap_test1" file="tests/analysis/mpt_transmap_test1.m" status="warning" duration="3.37"></test><test hash="9d548b93f46bda212b3e" name="tests/analysis/mpt_verify_test1" file="tests/analysis/mpt_verify_test1.m" status="ok" duration="2.82"></test><test hash="f2e966e7e40db0d8f8f9" name="tests/analysis/mpt_verify_test2" file="tests/analysis/mpt_verify_test2.m" status="ok" duration="1.1"></test><test hash="9567718213b1b44c36eb" name="tests/analysis/mpt_verify_test3" file="tests/analysis/mpt_verify_test3.m" status="ok" duration="3.81"></test><test hash="ad35c0d32a66c690c253" name="tests/analysis/mpt_verify_test4" file="tests/analysis/mpt_verify_test4.m" status="ok" duration="7.82"></test><test hash="e2c8c43be70190ca0301" name="tests/auxiliary/identifyRegion_test" file="tests/auxiliary/identifyRegion_test.m" status="ok" duration="0.75"></test><test hash="b17dc0ba74f1d36403d6" name="tests/auxiliary/mpt_defaultOptions_test1" file="tests/auxiliary/mpt_defaultOptions_test1.m" status="ok" duration="0.04"></test><test hash="dd1a524b737c51b5b3c8" name="tests/auxiliary/mpt_feasibleStates_test1" file="tests/auxiliary/mpt_feasibleStates_test1.m" status="ok" duration="0.63"></test><test hash="302805c4feb8654cf367" name="tests/auxiliary/mpt_feasibleStates_test2" file="tests/auxiliary/mpt_feasibleStates_test2.m" status="ok" duration="1.95"></test><test hash="38d0b683910a3c184689" name="tests/auxiliary/mpt_greedyMerging_test1" file="tests/auxiliary/mpt_greedyMerging_test1.m" status="ok" duration="0.07"></test><test hash="4e1210c79dd271db7f8c" name="tests/auxiliary/mpt_ineq2eq_test1" file="tests/auxiliary/mpt_ineq2eq_test1.m" status="ok" duration="0.02"></test><test hash="fec62203b73d4c57ef05" name="tests/auxiliary/mpt_ineq2eq_test2" file="tests/auxiliary/mpt_ineq2eq_test2.m" status="ok" duration="0.01"></test><test hash="a25fd93ab56c40434309" name="tests/auxiliary/mpt_ineq2eq_test3" file="tests/auxiliary/mpt_ineq2eq_test3.m" status="ok" duration="0.02"></test><test hash="03245f152bd92472b50b" name="tests/auxiliary/mpt_isnoise_test1" file="tests/auxiliary/mpt_isnoise_test1.m" status="ok" duration="0.02"></test><test hash="8e2d8a0796dbdc5ea9e4" name="tests/auxiliary/mpt_lti2pwa_test1" file="tests/auxiliary/mpt_lti2pwa_test1.m" status="ok" duration="0.02"></test><test hash="7491bf61d149f2afcb1b" name="tests/auxiliary/mpt_mldsim_test1" file="tests/auxiliary/mpt_mldsim_test1.m" status="ok" duration="0.16"></test><test hash="9b9331b438efb9af520e" name="tests/auxiliary/mpt_mpsol2ctrl_test1" file="tests/auxiliary/mpt_mpsol2ctrl_test1.m" status="ok" duration="1.65"></test><test hash="78629fa032c5e7c29f6b" name="tests/auxiliary/mpt_norm2pwa_test1" file="tests/auxiliary/mpt_norm2pwa_test1.m" status="ok" duration="0.12"></test><test hash="c439edaef1652f21c4a1" name="tests/auxiliary/mpt_norm2pwa_test2" file="tests/auxiliary/mpt_norm2pwa_test2.m" status="ok" duration="1.67"></test><test hash="37e9200efb2a69988cd2" name="tests/auxiliary/mpt_norm2pwa_test3" file="tests/auxiliary/mpt_norm2pwa_test3.m" status="ok" duration="0.02"></test><test hash="b88869401526072a0982" name="tests/auxiliary/mpt_options_test1" file="tests/auxiliary/mpt_options_test1.m" status="ok" duration="0.03"></test><test hash="e466f1cfb50d384cc9be" name="tests/auxiliary/mpt_performance_test1" file="tests/auxiliary/mpt_performance_test1.m" status="ok" duration="0.53"></test><test hash="614df860007509cbeddc" name="tests/auxiliary/mpt_prepareTracking_test1" file="tests/auxiliary/mpt_prepareTracking_test1.m" status="ok" duration="0.16"></test><test hash="b195e64efdf5f4781536" name="tests/auxiliary/mpt_randLTISys_test1" file="tests/auxiliary/mpt_randLTISys_test1.m" status="ok" duration="0.06"></test><test hash="11a68d6f46706cea1b0d" name="tests/auxiliary/mpt_sysStructInfo_test1" file="tests/auxiliary/mpt_sysStructInfo_test1.m" status="ok" duration="0.08"></test><test hash="b9423fe78e2e9c052587" name="tests/auxiliary/mpt_verifySysProb_test1" file="tests/auxiliary/mpt_verifySysProb_test1.m" status="ok" duration="0.07"></test><test hash="17d82220d76788dc92c8" name="tests/auxiliary/mpt_verifySysProb_test2" file="tests/auxiliary/mpt_verifySysProb_test2.m" status="ok" duration="0.04"></test><test hash="cb28619d0022d1e2b04b" name="tests/auxiliary/mpt_verifySysStruct_test1" file="tests/auxiliary/mpt_verifySysStruct_test1.m" status="ok" duration="0.03"></test><test hash="f5f6f8c812f3f9b1c127" name="tests/auxiliary/mpt_verifySysStruct_test2" file="tests/auxiliary/mpt_verifySysStruct_test2.m" status="ok" duration="0.04"></test><test hash="a166b8623c8cfc71f40f" name="tests/auxiliary/mpt_verifySysStruct_test3" file="tests/auxiliary/mpt_verifySysStruct_test3.m" status="ok" duration="1.48"></test><test hash="d76bb11d2b7de409cc40" name="tests/auxiliary/sub_computeTrajectory_test1" file="tests/auxiliary/sub_computeTrajectory_test1.m" status="ok" duration="0.23"></test><test hash="eea1a78815625d6aaea3" name="tests/auxiliary/sub_computeTrajectory_test2" file="tests/auxiliary/sub_computeTrajectory_test2.m" status="ok" duration="0.13"></test><test hash="4a110c0c69057b60c92b" name="tests/auxiliary/sub_computeTrajectory_test3" file="tests/auxiliary/sub_computeTrajectory_test3.m" status="ok" duration="0.09"></test><test hash="90b3513eeab899cdeb9d" name="tests/auxiliary/sub_computeTrajectory_test4" file="tests/auxiliary/sub_computeTrajectory_test4.m" status="ok" duration="0.32"></test><test hash="37f9d4bdf17ce8823a19" name="tests/auxiliary/sub_computeTrajectory_test5" file="tests/auxiliary/sub_computeTrajectory_test5.m" status="ok" duration="0.08"></test><test hash="613c68b6b72ada3b8ad7" name="tests/auxiliary/sub_computeTrajectory_test6" file="tests/auxiliary/sub_computeTrajectory_test6.m" status="warning" duration="0.34"></test><test hash="c06d6c18800d4d0e41e9" name="tests/auxiliary/sub_computeTrajectory_test7" file="tests/auxiliary/sub_computeTrajectory_test7.m" status="ok" duration="0.1"></test><test hash="2532532047d1e0485c74" name="tests/auxiliary/unitbox_test1" file="tests/auxiliary/unitbox_test1.m" status="ok" duration="0.02"></test><test hash="aa5f038ed574fc56fb25" name="tests/control/control_mimo1" file="tests/control/control_mimo1.m" status="ok" duration="1.75"></test><test hash="a1b5196fa8933fb9d22b" name="tests/control/deltau_test1" file="tests/control/deltau_test1.m" status="ok" duration="3.5"></test><test hash="3e9d50d765dd85230ca7" name="tests/control/deltau_test2" file="tests/control/deltau_test2.m" status="error" duration="3.91"><error>Error using ==&gt; mbg_asserttolequal at 56
ASSERT: Expressions are not tollerance equal, difference is Inf.</error></test><test hash="a9c750c9ecf2ff44ab72" name="tests/control/deltau_test3" file="tests/control/deltau_test3.m" status="ok" duration="3.8"></test><test hash="e1f21bf59aa56b248592" name="tests/control/deltau_test4" file="tests/control/deltau_test4.m" status="ok" duration="11.71"></test><test hash="432bbc225936daad882d" name="tests/control/lti1d" file="tests/control/lti1d.m" status="ok" duration="0.01"></test><test hash="02e772a9e87ea9e0df32" name="tests/control/lti1d_addU" file="tests/control/lti1d_addU.m" status="ok" duration="0.01"></test><test hash="011a6c282a3932936024" name="tests/control/mpc_mip_test1" file="tests/control/mpc_mip_test1.m" status="ok" duration="6.09"></test><test hash="51f44b50779c5d69155f" name="tests/control/mpt_boolMinTime_test1" file="tests/control/mpt_boolMinTime_test1.m" status="ok" duration="0.78"></test><test hash="5c52b910af3f5af3d3f5" name="tests/control/mpt_boolMinTime_test2" file="tests/control/mpt_boolMinTime_test2.m" status="ok" duration="0.15"></test><test hash="b26c3475cda30b8879d5" name="tests/control/mpt_boolMinTime_test3" file="tests/control/mpt_boolMinTime_test3.m" status="ok" duration="0.69"></test><test hash="c4eb25bf6fd5bbae7e87" name="tests/control/mpt_computeTrajectory_test1" file="tests/control/mpt_computeTrajectory_test1.m" status="ok" duration="0.35"></test><test hash="c4ebbe1e9213a59b77b1" name="tests/control/mpt_computeTrajectory_test2" file="tests/control/mpt_computeTrajectory_test2.m" status="ok" duration="0.08"></test><test hash="1f3e90b82d1cebc1aec2" name="tests/control/mpt_constructMatrices_test1" file="tests/control/mpt_constructMatrices_test1.m" status="ok" duration="0.14"></test><test hash="2ae8d3b81916bb0e25f0" name="tests/control/mpt_control_test1" file="tests/control/mpt_control_test1.m" status="ok" duration="4.94"></test><test hash="d188d233d095e70e69c7" name="tests/control/mpt_control_test2" file="tests/control/mpt_control_test2.m" status="ok" duration="1.17"></test><test hash="173a0af3b3eff76b91ec" name="tests/control/mpt_control_test3" file="tests/control/mpt_control_test3.m" status="ok" duration="0.37"></test><test hash="0db3e1749f353ae9f5ca" name="tests/control/mpt_control_test4" file="tests/control/mpt_control_test4.m" status="ok" duration="7.09"></test><test hash="fd26efcf8362ffee92b4" name="tests/control/mpt_control_test5" file="tests/control/mpt_control_test5.m" status="ok" duration="0.04"></test><test hash="0d7a726dfda46a61a018" name="tests/control/mpt_control_test6" file="tests/control/mpt_control_test6.m" status="ok" duration="3.89"></test><test hash="8f83669b81097c1dcfbd" name="tests/control/mpt_getInputXU_test1" file="tests/control/mpt_getInputXU_test1.m" status="ok" duration="0.05"></test><test hash="129d445994d5c1b6bd41" name="tests/control/mpt_getInputXU_test2" file="tests/control/mpt_getInputXU_test2.m" status="ok" duration="0.03"></test><test hash="d4fdd582c9201ccd295c" name="tests/control/mpt_getInput_test1" file="tests/control/mpt_getInput_test1.m" status="ok" duration="0.04"></test><test hash="fd022355a2bf65a08e86" name="tests/control/mpt_getInput_test2" file="tests/control/mpt_getInput_test2.m" status="ok" duration="0.04"></test><test hash="ca5c730bb580e6fe36e5" name="tests/control/mpt_getInput_test3" file="tests/control/mpt_getInput_test3.m" status="ok" duration="0.39"></test><test hash="f7ab9f37775b36b826a3" name="tests/control/mpt_getInput_test4" file="tests/control/mpt_getInput_test4.m" status="ok" duration="0.04"></test><test hash="0c02f041c801164c08cd" name="tests/control/mpt_getInput_test5" file="tests/control/mpt_getInput_test5.m" status="ok" duration="0.72"></test><test hash="8b133c9d0cd496d1adc8" name="tests/control/mpt_getInput_test6" file="tests/control/mpt_getInput_test6.m" status="ok" duration="5.05"></test><test hash="be94457b58612621c175" name="tests/control/mpt_getInput_test7" file="tests/control/mpt_getInput_test7.m" status="ok" duration="0.34"></test><test hash="77410c6aaf29fef2f104" name="tests/control/mpt_iterativePWA_test1" file="tests/control/mpt_iterativePWA_test1.m" status="ok" duration="2.53"></test><test hash="cd0f5d2654e36a27f8b4" name="tests/control/mpt_iterativePWA_test2" file="tests/control/mpt_iterativePWA_test2.m" status="ok" duration="0.83"></test><test hash="355b005aae198c84c493" name="tests/control/mpt_iterativePWA_test3" file="tests/control/mpt_iterativePWA_test3.m" status="ok" duration="1.02"></test><test hash="36c6ad343c006d881859" name="tests/control/mpt_iterativePWA_test4" file="tests/control/mpt_iterativePWA_test4.m" status="ok" duration="0.99"></test><test hash="abc656047ada1575a592" name="tests/control/mpt_iterativePWA_test5" file="tests/control/mpt_iterativePWA_test5.m" status="ok" duration="1.13"></test><test hash="963afb2557030c4bf088" name="tests/control/mpt_iterativePWA_test6" file="tests/control/mpt_iterativePWA_test6.m" status="warning" duration="0.19"></test><test hash="dde826a0f54af7173f5f" name="tests/control/mpt_iterativePWA_test7" file="tests/control/mpt_iterativePWA_test7.m" status="ok" duration="0.48"></test><test hash="8257532c653c99e9b76f" name="tests/control/mpt_iterative_test1" file="tests/control/mpt_iterative_test1.m" status="ok" duration="0.82"></test><test hash="ef9599e7b69201bd2db5" name="tests/control/mpt_iterative_test2" file="tests/control/mpt_iterative_test2.m" status="ok" duration="0.89"></test><test hash="3838d210093d1bd1ac2c" name="tests/control/mpt_iterative_test3" file="tests/control/mpt_iterative_test3.m" status="ok" duration="0.8"></test><test hash="3d9302c66f368ec93a26" name="tests/control/mpt_iterative_test4" file="tests/control/mpt_iterative_test4.m" status="ok" duration="0.9"></test><test hash="df8622f1a614980840cf" name="tests/control/mpt_mixedMinTime_test1" file="tests/control/mpt_mixedMinTime_test1.m" status="ok" duration="0.51"></test><test hash="62adda267bd54e83a744" name="tests/control/mpt_oneStepCtrl_test1" file="tests/control/mpt_oneStepCtrl_test1.m" status="ok" duration="0.94"></test><test hash="933a7d80a0a09b40e21c" name="tests/control/mpt_oneStepCtrl_test2" file="tests/control/mpt_oneStepCtrl_test2.m" status="ok" duration="0.39"></test><test hash="ce9ee84376a0f74889b0" name="tests/control/mpt_oneStepCtrl_test3" file="tests/control/mpt_oneStepCtrl_test3.m" status="ok" duration="0.71"></test><test hash="88b213739f4bc56d171e" name="tests/control/mpt_oneStepCtrl_test4" file="tests/control/mpt_oneStepCtrl_test4.m" status="ok" duration="0.4"></test><test hash="a1f1ac87fcb6cc410098" name="tests/control/mpt_oneStepCtrl_test5" file="tests/control/mpt_oneStepCtrl_test5.m" status="ok" duration="0.27"></test><test hash="14f4cad18866a4cd614b" name="tests/control/mpt_optBoolCtrl_test1" file="tests/control/mpt_optBoolCtrl_test1.m" status="ok" duration="0.94"></test><test hash="36289a21c95900f9cb2f" name="tests/control/mpt_optBoolCtrl_test2" file="tests/control/mpt_optBoolCtrl_test2.m" status="ok" duration="1.14"></test><test hash="44c1d2ad7f5b368e50dd" name="tests/control/mpt_optControlPWA_test1" file="tests/control/mpt_optControlPWA_test1.m" status="ok" duration="0.2"></test><test hash="c66497de7a185084bbe6" name="tests/control/mpt_optControlPWA_test2" file="tests/control/mpt_optControlPWA_test2.m" status="ok" duration="0.42"></test><test hash="09d5524123b61d76af58" name="tests/control/mpt_optControlPWA_test3" file="tests/control/mpt_optControlPWA_test3.m" status="ok" duration="0.29"></test><test hash="9fcdfa2d96a3f3873554" name="tests/control/mpt_optControlPWA_test4" file="tests/control/mpt_optControlPWA_test4.m" status="ok" duration="0.22"></test><test hash="0145a66719834102ea92" name="tests/control/mpt_optControlPWA_test5" file="tests/control/mpt_optControlPWA_test5.m" status="ok" duration="0.11"></test><test hash="a8ad9d36f69e57ffbdd6" name="tests/control/mpt_optControlPWA_test6" file="tests/control/mpt_optControlPWA_test6.m" status="ok" duration="0.29"></test><test hash="47dc18eb8851f06876b2" name="tests/control/mpt_optControl_test1" file="tests/control/mpt_optControl_test1.m" status="ok" duration="0.73"></test><test hash="cff84009e7ae269416da" name="tests/control/mpt_optControl_test2" file="tests/control/mpt_optControl_test2.m" status="ok" duration="3.76"></test><test hash="e27643725269b477d2ac" name="tests/control/mpt_optControl_test3" file="tests/control/mpt_optControl_test3.m" status="ok" duration="1.09"></test><test hash="7b15b1a71c8e55b9c100" name="tests/control/mpt_optInfControlPWA_test1" file="tests/control/mpt_optInfControlPWA_test1.m" status="ok" duration="1.12"></test><test hash="8e36f0f423fc70f17349" name="tests/control/mpt_optInfControlPWA_test2" file="tests/control/mpt_optInfControlPWA_test2.m" status="ok" duration="0.92"></test><test hash="0f36c7ee677c142b7260" name="tests/control/mpt_optInfControl_test1" file="tests/control/mpt_optInfControl_test1.m" status="ok" duration="1.19"></test><test hash="679d528975085ca21386" name="tests/control/mpt_optLinearCtrl_test1" file="tests/control/mpt_optLinearCtrl_test1.m" status="ok" duration="5.84"></test><test hash="5b6911f232432960f29c" name="tests/control/mpt_optLinearCtrl_test2" file="tests/control/mpt_optLinearCtrl_test2.m" status="ok" duration="1.39"></test><test hash="e61b71bd16267e42c370" name="tests/control/mpt_optMixedCtrl_test1" file="tests/control/mpt_optMixedCtrl_test1.m" status="ok" duration="1.41"></test><test hash="96e3f93c6207ee4812be" name="tests/control/mpt_optMixedCtrl_test2" file="tests/control/mpt_optMixedCtrl_test2.m" status="ok" duration="2.11"></test><test hash="bc54b16c21423115bf44" name="tests/control/mpt_optQuadCtrl_test1" file="tests/control/mpt_optQuadCtrl_test1.m" status="ok" duration="1.68"></test><test hash="1b71ee8210c11c09652f" name="tests/control/mpt_optQuadCtrl_test2" file="tests/control/mpt_optQuadCtrl_test2.m" status="ok" duration="3.06"></test><test hash="ffea47f41aa5a324cd97" name="tests/control/mpt_optQuadCtrl_test3" file="tests/control/mpt_optQuadCtrl_test3.m" status="ok" duration="2.98"></test><test hash="b1b79ba215815aa4da62" name="tests/control/mpt_optQuadCtrl_test4" file="tests/control/mpt_optQuadCtrl_test4.m" status="ok" duration="4.25"></test><test hash="d2cdf3c5c474fd510c55" name="tests/control/mpt_optQuadCtrl_test5" file="tests/control/mpt_optQuadCtrl_test5.m" status="ok" duration="4.53"></test><test hash="d0122a602daec403e2ed" name="tests/control/mpt_optQuadCtrl_test6" file="tests/control/mpt_optQuadCtrl_test6.m" status="ok" duration="9.76"></test><test hash="8dc5b0fc4dee336002ca" name="tests/control/mpt_optQuadCtrl_test7" file="tests/control/mpt_optQuadCtrl_test7.m" status="ok" duration="0.53"></test><test hash="79bce870430cabfd35ec" name="tests/control/mpt_owncost_test1" file="tests/control/mpt_owncost_test1.m" status="ok" duration="1.52"></test><test hash="f66fd3d0c76af150c603" name="tests/control/mpt_owncost_test10" file="tests/control/mpt_owncost_test10.m" status="ok" duration="4.64"></test><test hash="5d55a527f236ddfd9962" name="tests/control/mpt_owncost_test2" file="tests/control/mpt_owncost_test2.m" status="ok" duration="6.21"></test><test hash="747068dff82f0af4d634" name="tests/control/mpt_owncost_test3" file="tests/control/mpt_owncost_test3.m" status="ok" duration="0.42"></test><test hash="5b93639167d5757a1d48" name="tests/control/mpt_owncost_test4" file="tests/control/mpt_owncost_test4.m" status="ok" duration="12.79"></test><test hash="e8d705f7f222adae0396" name="tests/control/mpt_owncost_test5" file="tests/control/mpt_owncost_test5.m" status="ok" duration="4.25"></test><test hash="481d1b858209b3bd556d" name="tests/control/mpt_owncost_test6" file="tests/control/mpt_owncost_test6.m" status="ok" duration="3.51"></test><test hash="238e6032804ebd321706" name="tests/control/mpt_owncost_test7" file="tests/control/mpt_owncost_test7.m" status="ok" duration="5.03"></test><test hash="093a74f18b07e1cbe5fd" name="tests/control/mpt_owncost_test8" file="tests/control/mpt_owncost_test8.m" status="ok" duration="6.65"></test><test hash="ea41c1cff8ed3a75c068" name="tests/control/mpt_owncost_test9" file="tests/control/mpt_owncost_test9.m" status="ok" duration="1.16"></test><test hash="a7a0206d081ea7990265" name="tests/control/mpt_ownmpc_test1" file="tests/control/mpt_ownmpc_test1.m" status="ok" duration="0.02"></test><test hash="7729782235335644f370" name="tests/control/mpt_ownmpc_test11" file="tests/control/mpt_ownmpc_test11.m" status="ok" duration="0.9"></test><test hash="9225f2b9eb4723be76f7" name="tests/control/mpt_ownmpc_test12" file="tests/control/mpt_ownmpc_test12.m" status="ok" duration="0.14"></test><test hash="5d2936933efea1626892" name="tests/control/mpt_ownmpc_test13" file="tests/control/mpt_ownmpc_test13.m" status="ok" duration="0.87"></test><test hash="c488a0cab915ecbc4e9f" name="tests/control/mpt_ownmpc_test14" file="tests/control/mpt_ownmpc_test14.m" status="ok" duration="2.07"></test><test hash="044e10d152bcb7829aef" name="tests/control/mpt_ownmpc_test15" file="tests/control/mpt_ownmpc_test15.m" status="ok" duration="1.68"></test><test hash="9fe9e3901b9a4a2cb411" name="tests/control/mpt_ownmpc_test16" file="tests/control/mpt_ownmpc_test16.m" status="ok" duration="0.42"></test><test hash="311cf7c84c48ee8d6df5" name="tests/control/mpt_ownmpc_test17" file="tests/control/mpt_ownmpc_test17.m" status="ok" duration="0.05"></test><test hash="b9772030868d2b82a7e6" name="tests/control/mpt_ownmpc_test18" file="tests/control/mpt_ownmpc_test18.m" status="ok" duration="0.02"></test><test hash="b9b1bf231574747357a5" name="tests/control/mpt_ownmpc_test19" file="tests/control/mpt_ownmpc_test19.m" status="ok" duration="0.32"></test><test hash="0dac7b4397b00133222e" name="tests/control/mpt_ownmpc_test20" file="tests/control/mpt_ownmpc_test20.m" status="ok" duration="1.86"></test><test hash="dbf270766e250a88ad14" name="tests/control/mpt_simplexContr_test1" file="tests/control/mpt_simplexContr_test1.m" status="ok" duration="0.31"></test><test hash="924bdb19419b896fc01a" name="tests/control/mpt_yalmipTracking_test1" file="tests/control/mpt_yalmipTracking_test1.m" status="ok" duration="0.02"></test><test hash="701ff897a5defda8e46d" name="tests/control/mpt_yalmipTracking_test2" file="tests/control/mpt_yalmipTracking_test2.m" status="ok" duration="0.15"></test><test hash="2c8bd75068d40e13ebf7" name="tests/control/mpt_yalmipTracking_test3" file="tests/control/mpt_yalmipTracking_test3.m" status="ok" duration="0.3"></test><test hash="8c67e200836703b904f1" name="tests/control/mpt_yalmipcftoc_test1" file="tests/control/mpt_yalmipcftoc_test1.m" status="ok" duration="1.86"></test><test hash="7a1eda5c29d102f22303" name="tests/control/mpt_yalmipcftoc_test2" file="tests/control/mpt_yalmipcftoc_test2.m" status="ok" duration="1.4"></test><test hash="61e06d382984d34449b6" name="tests/control/mpt_yalmipcftoc_test3" file="tests/control/mpt_yalmipcftoc_test3.m" status="ok" duration="0.03"></test><test hash="8788ba8d42ceab49c792" name="tests/control/ownmpc_test1" file="tests/control/ownmpc_test1.m" status="ok" duration="1.78"></test><test hash="8ad3e930e603f4576f82" name="tests/control/ownmpc_test2" file="tests/control/ownmpc_test2.m" status="ok" duration="2.03"></test><test hash="b4b8d6ae0e5fee885884" name="tests/control/ownmpc_test3" file="tests/control/ownmpc_test3.m" status="ok" duration="0.81"></test><test hash="a9098a0380d72768c9f7" name="tests/control/pwa1d" file="tests/control/pwa1d.m" status="ok" duration="0"></test><test hash="fc4a99eaa9972377667a" name="tests/control/pwa1d_addU" file="tests/control/pwa1d_addU.m" status="ok" duration="0.01"></test><test hash="4ca098560c2a6886b24d" name="tests/control/pwawelldefined_test1" file="tests/control/pwawelldefined_test1.m" status="ok" duration="0.06"></test><test hash="86c448593f3732e3724a" name="tests/control/tracking_issue216" file="tests/control/tracking_issue216.m" status="ok" duration="14.19"></test><test hash="b6702d59a6586a595dac" name="tests/control/tracking_test1" file="tests/control/tracking_test1.m" status="ok" duration="7.09"></test><test hash="107bfd3b943d24ab35d7" name="tests/control/tracking_test10" file="tests/control/tracking_test10.m" status="ok" duration="0.82"></test><test hash="af92d5466f6272c6c975" name="tests/control/tracking_test11" file="tests/control/tracking_test11.m" status="ok" duration="1.94"></test><test hash="2ae70ba5715e72a3d70c" name="tests/control/tracking_test12" file="tests/control/tracking_test12.m" status="warning" duration="0.51"></test><test hash="da326a2d58186a15f4fc" name="tests/control/tracking_test2" file="tests/control/tracking_test2.m" status="ok" duration="15.87"></test><test hash="e626ba613dfb81e68373" name="tests/control/tracking_test3" file="tests/control/tracking_test3.m" status="ok" duration="10.16"></test><test hash="84d131b591768d4fd27a" name="tests/control/tracking_test4" file="tests/control/tracking_test4.m" status="ok" duration="24.23"></test><test hash="791f6e0efebd8bcc67ca" name="tests/control/tracking_test5" file="tests/control/tracking_test5.m" status="ok" duration="17.22"></test><test hash="e606e1f098129fb5c942" name="tests/control/tracking_test6" file="tests/control/tracking_test6.m" status="ok" duration="7.09"></test><test hash="520171f7d2274c0447fb" name="tests/control/tracking_test7" file="tests/control/tracking_test7.m" status="ok" duration="7.13"></test><test hash="1acad72a662a6639a20b" name="tests/control/tracking_test8" file="tests/control/tracking_test8.m" status="ok" duration="10.2"></test><test hash="400393409cd0c4d0afc2" name="tests/control/tracking_test9" file="tests/control/tracking_test9.m" status="ok" duration="1.48"></test><test hash="021daff512e824565655" name="tests/geometry/hull_test1" file="tests/geometry/hull_test1.m" status="ok" duration="2.55"></test><test hash="109244aa3029eedf33b1" name="tests/geometry/hull_test2" file="tests/geometry/hull_test2.m" status="ok" duration="0.05"></test><test hash="1cebcfb9bd0ea3a45952" name="tests/geometry/mpt_getInnerEllipsoid_test1" file="tests/geometry/mpt_getInnerEllipsoid_test1.m" status="ok" duration="0.59"></test><test hash="ef40517668150a7546b5" name="tests/geometry/mpt_getOutterEllipsoid_test1" file="tests/geometry/mpt_getOutterEllipsoid_test1.m" status="ok" duration="0.46"></test><test hash="5eea435993a5ed1f86a7" name="tests/geometry/mpt_voronoi_test1" file="tests/geometry/mpt_voronoi_test1.m" status="ok" duration="0.16"></test><test hash="02d83010f9ccee2667cf" name="tests/graphics/lti1d" file="tests/graphics/lti1d.m" status="ok" duration="0.01"></test><test hash="d1c5e5f7159c1929af55" name="tests/graphics/mpt_plotPWA_test1" file="tests/graphics/mpt_plotPWA_test1.m" status="ok" duration="0.87"></test><test hash="9ccbece94316a56717f2" name="tests/graphics/mpt_plotPWQ_test1" file="tests/graphics/mpt_plotPWQ_test1.m" status="ok" duration="0.88"></test><test hash="6441c237fe78c5a75f56" name="tests/graphics/mpt_plotPWQ_test2" file="tests/graphics/mpt_plotPWQ_test2.m" status="ok" duration="0.66"></test><test hash="a474a48578d67db7b1c6" name="tests/graphics/mpt_plotPartition_test1" file="tests/graphics/mpt_plotPartition_test1.m" status="ok" duration="1.04"></test><test hash="368c1ea43ca2655de08d" name="tests/graphics/mpt_plotPartition_test2" file="tests/graphics/mpt_plotPartition_test2.m" status="ok" duration="1.15"></test><test hash="92b985b1ec3c1e7ecc0f" name="tests/graphics/mpt_plotPartition_test3" file="tests/graphics/mpt_plotPartition_test3.m" status="ok" duration="1.83"></test><test hash="daf68cf4365127212637" name="tests/graphics/mpt_plotPartition_test4" file="tests/graphics/mpt_plotPartition_test4.m" status="ok" duration="1"></test><test hash="be2bccee36e1165c6f1f" name="tests/graphics/mpt_plotTrajectory_test1" file="tests/graphics/mpt_plotTrajectory_test1.m" status="ok" duration="0.33"></test><test hash="857a98f35ae10c49f009" name="tests/graphics/mpt_plotU_test1" file="tests/graphics/mpt_plotU_test1.m" status="ok" duration="1.09"></test><test hash="533bb377eb7b362bb503" name="tests/mptctrl/analyze_test1" file="tests/mptctrl/analyze_test1.m" status="ok" duration="0.02"></test><test hash="00c102e9516150997287" name="tests/mptctrl/cancompile_test1" file="tests/mptctrl/cancompile_test1.m" status="ok" duration="1.61"></test><test hash="d50220a82f6288607947" name="tests/mptctrl/cancompile_test2" file="tests/mptctrl/cancompile_test2.m" status="ok" duration="3.16"></test><test hash="d9f3a4e44a4ae6d2c423" name="tests/mptctrl/display_test1" file="tests/mptctrl/display_test1.m" status="ok" duration="0.03"></test><test hash="aa0d7b4e876370ea63d1" name="tests/mptctrl/duffing_oscilator" file="tests/mptctrl/duffing_oscilator.m" status="ok" duration="0.02"></test><test hash="3d13dfa363bfd7533770" name="tests/mptctrl/extendx0_test1" file="tests/mptctrl/extendx0_test1.m" status="ok" duration="0.25"></test><test hash="bc73b10ac750242929cd" name="tests/mptctrl/extendx0_test2" file="tests/mptctrl/extendx0_test2.m" status="ok" duration="0.85"></test><test hash="5da5dbd6315635ee4d23" name="tests/mptctrl/get_test1" file="tests/mptctrl/get_test1.m" status="ok" duration="0.04"></test><test hash="eaed17f3abebff8417e9" name="tests/mptctrl/horzcat_test1" file="tests/mptctrl/horzcat_test1.m" status="ok" duration="0.02"></test><test hash="198bd693a01f9a809272" name="tests/mptctrl/info_test1" file="tests/mptctrl/info_test1.m" status="ok" duration="0.12"></test><test hash="bdf541f9b21ff2891545" name="tests/mptctrl/isexplicit_test1" file="tests/mptctrl/isexplicit_test1.m" status="ok" duration="0.02"></test><test hash="3f16cf7016bcab90dfc9" name="tests/mptctrl/isinvariant_test1" file="tests/mptctrl/isinvariant_test1.m" status="ok" duration="0.02"></test><test hash="1383c101b72616a9c3ea" name="tests/mptctrl/isinvariant_test2" file="tests/mptctrl/isinvariant_test2.m" status="ok" duration="1.06"></test><test hash="5784fd9479d7fdddfdb7" name="tests/mptctrl/isstabilizable_test1" file="tests/mptctrl/isstabilizable_test1.m" status="ok" duration="0.02"></test><test hash="78ec2d56aa660ab9c538" name="tests/mptctrl/isstabilizable_test2" file="tests/mptctrl/isstabilizable_test2.m" status="ok" duration="1.05"></test><test hash="06375eb5f77fb6828fba" name="tests/mptctrl/length_test1" file="tests/mptctrl/length_test1.m" status="ok" duration="0.02"></test><test hash="d646f2337f9beee9a224" name="tests/mptctrl/modify_test1" file="tests/mptctrl/modify_test1.m" status="ok" duration="0.12"></test><test hash="b645bac1d24c4a6df83a" name="tests/mptctrl/modify_test2" file="tests/mptctrl/modify_test2.m" status="ok" duration="0.04"></test><test hash="5cdc9f0ec568c06bc5a4" name="tests/mptctrl/modify_test3" file="tests/mptctrl/modify_test3.m" status="ok" duration="0.04"></test><test hash="b216e04bb7595c7b5f53" name="tests/mptctrl/modify_test4" file="tests/mptctrl/modify_test4.m" status="ok" duration="0.04"></test><test hash="36e500c13184f1aa6fbe" name="tests/mptctrl/mptctrl_test1" file="tests/mptctrl/mptctrl_test1.m" status="ok" duration="0.02"></test><test hash="145921e9a0ce9e99e2d3" name="tests/mptctrl/mptctrl_test2" file="tests/mptctrl/mptctrl_test2.m" status="ok" duration="0.07"></test><test hash="772263b95f0716cb3d4d" name="tests/mptctrl/mptctrl_test3" file="tests/mptctrl/mptctrl_test3.m" status="ok" duration="0.03"></test><test hash="59fee529bc4c965d50e1" name="tests/mptctrl/mptctrl_test4" file="tests/mptctrl/mptctrl_test4.m" status="ok" duration="0.02"></test><test hash="bd6bde9c217ba5ee51d9" name="tests/mptctrl/plot_test1" file="tests/mptctrl/plot_test1.m" status="ok" duration="0.13"></test><test hash="c738292b3908b7ea46e0" name="tests/mptctrl/plotj_test1" file="tests/mptctrl/plotj_test1.m" status="ok" duration="0.83"></test><test hash="974bb6c662c327c9fcbf" name="tests/mptctrl/plotu_test1" file="tests/mptctrl/plotu_test1.m" status="ok" duration="0.66"></test><test hash="7f18b06c86e4383e516d" name="tests/mptctrl/runtime_test1" file="tests/mptctrl/runtime_test1.m" status="ok" duration="0.01"></test><test hash="f5f2dd7534ce3cc54116" name="tests/mptctrl/set_test1" file="tests/mptctrl/set_test1.m" status="ok" duration="0.01"></test><test hash="753a0a50bcb83c870505" name="tests/mptctrl/sim_test1" file="tests/mptctrl/sim_test1.m" status="ok" duration="0.25"></test><test hash="c15ea1b5f22db087d300" name="tests/mptctrl/sim_test2" file="tests/mptctrl/sim_test2.m" status="ok" duration="0.06"></test><test hash="8a90bc8caef95a7ad8b1" name="tests/mptctrl/simplot_test1" file="tests/mptctrl/simplot_test1.m" status="ok" duration="4.23"></test><test hash="67191f28442b3d11b6a8" name="tests/mptctrl/simplot_test2" file="tests/mptctrl/simplot_test2.m" status="ok" duration="0.05"></test><test hash="95d149d5b10c508951ce" name="tests/mptctrl/subsref_test1" file="tests/mptctrl/subsref_test1.m" status="ok" duration="0.02"></test><test hash="6d8570dd9d77db5ebfab" name="tests/mptctrl/subsref_test2" file="tests/mptctrl/subsref_test2.m" status="ok" duration="0.02"></test><test hash="529d126e207d02089214" name="tests/mptctrl/subsref_test3" file="tests/mptctrl/subsref_test3.m" status="ok" duration="0.2"></test><test hash="d202c7fab2836e2ae848" name="tests/polytope/analyticCenter_test1" file="tests/polytope/analyticCenter_test1.m" status="ok" duration="0.04"></test><test hash="1e4c92d2864f54b94453" name="tests/polytope/bounding_box_test1" file="tests/polytope/bounding_box_test1.m" status="ok" duration="0.06"></test><test hash="b82e686be882d9447b53" name="tests/polytope/bounding_box_test2" file="tests/polytope/bounding_box_test2.m" status="ok" duration="0.06"></test><test hash="c603ba7427c9d7ba9a3f" name="tests/polytope/bounding_box_test3" file="tests/polytope/bounding_box_test3.m" status="ok" duration="0.03"></test><test hash="9b7d67a9991fa79a7a7a" name="tests/polytope/bounding_box_test4" file="tests/polytope/bounding_box_test4.m" status="ok" duration="0.05"></test><test hash="85956d9808fce7efee34" name="tests/polytope/chebyball_test1" file="tests/polytope/chebyball_test1.m" status="ok" duration="0.01"></test><test hash="99bc32e5302f18d71b3a" name="tests/polytope/dimension_test1" file="tests/polytope/dimension_test1.m" status="ok" duration="0.02"></test><test hash="264d4a8c0a9a8c83f986" name="tests/polytope/distance_test1" file="tests/polytope/distance_test1.m" status="ok" duration="0.4"></test><test hash="367d6c3524f2cfd15fc5" name="tests/polytope/distance_test2" file="tests/polytope/distance_test2.m" status="ok" duration="0.32"></test><test hash="22dcd3f4fc9d3834f2e5" name="tests/polytope/distance_test3" file="tests/polytope/distance_test3.m" status="ok" duration="0.33"></test><test hash="7a07b1ed88feb0dedb7d" name="tests/polytope/distribpoints_test1" file="tests/polytope/distribpoints_test1.m" status="ok" duration="0.71"></test><test hash="a3376149d37af4cdc989" name="tests/polytope/dointersect_test1" file="tests/polytope/dointersect_test1.m" status="ok" duration="0.05"></test><test hash="a8efe69a98902a75d23e" name="tests/polytope/double_test1" file="tests/polytope/double_test1.m" status="ok" duration="0.01"></test><test hash="828b16a9244d65456953" name="tests/polytope/end_test1" file="tests/polytope/end_test1.m" status="ok" duration="0.02"></test><test hash="dbf3c3f242add52fef97" name="tests/polytope/envelope_test1" file="tests/polytope/envelope_test1.m" status="ok" duration="0.02"></test><test hash="efe62d2ec48c616c0bae" name="tests/polytope/eq_test1" file="tests/polytope/eq_test1.m" status="ok" duration="0.05"></test><test hash="ac31a0d1c6d6758059c9" name="tests/polytope/extreme_test1" file="tests/polytope/extreme_test1.m" status="ok" duration="0.06"></test><test hash="2e807e100bb732831e09" name="tests/polytope/extreme_test3" file="tests/polytope/extreme_test3.m" status="ok" duration="0.04"></test><test hash="9a7abe1bc0596c10a625" name="tests/polytope/extreme_test4" file="tests/polytope/extreme_test4.m" status="ok" duration="0.3"></test><test hash="33f790145f1aa49f18ca" name="tests/polytope/extreme_test5" file="tests/polytope/extreme_test5.m" status="ok" duration="0.23"></test><test hash="d697dd4a1b3ae7dcf776" name="tests/polytope/facetcircle_issue138" file="tests/polytope/facetcircle_issue138.m" status="ok" duration="0.04"></test><test hash="32c0bd19d9635de60ce4" name="tests/polytope/facetcircle_test1" file="tests/polytope/facetcircle_test1.m" status="ok" duration="0.02"></test><test hash="49dcd5837c4eac570da2" name="tests/polytope/facetcircle_test2" file="tests/polytope/facetcircle_test2.m" status="ok" duration="0.04"></test><test hash="9214afb5486c28642f7f" name="tests/polytope/facetcircle_test3" file="tests/polytope/facetcircle_test3.m" status="ok" duration="0.02"></test><test hash="cf7e6e5620792c04b700" name="tests/polytope/facetcircle_test4" file="tests/polytope/facetcircle_test4.m" status="ok" duration="0.02"></test><test hash="875560077b94d57c3d41" name="tests/polytope/getInnerEllipsoid_test1" file="tests/polytope/getInnerEllipsoid_test1.m" status="ok" duration="0.25"></test><test hash="28b491da9de75c26ce79" name="tests/polytope/getInnerEllipsoid_test2" file="tests/polytope/getInnerEllipsoid_test2.m" status="ok" duration="0.23"></test><test hash="264150b8d50800e1e5c3" name="tests/polytope/getOutterEllipsoid_test1" file="tests/polytope/getOutterEllipsoid_test1.m" status="ok" duration="0.15"></test><test hash="971e605b3de49e275842" name="tests/polytope/grid_test1" file="tests/polytope/grid_test1.m" status="ok" duration="0.02"></test><test hash="b5c82fd8b773b2579677" name="tests/polytope/grid_test2" file="tests/polytope/grid_test2.m" status="ok" duration="0.01"></test><test hash="c4b18ceffc4b7915e18d" name="tests/polytope/horzcat_test1" file="tests/polytope/horzcat_test1.m" status="ok" duration="0.05"></test><test hash="369850991282be6c6dae" name="tests/polytope/horzcat_test2" file="tests/polytope/horzcat_test2.m" status="ok" duration="0.03"></test><test hash="20dc04f5507db89dfcdd" name="tests/polytope/hull_test1" file="tests/polytope/hull_test1.m" status="ok" duration="0.06"></test><test hash="4f029cb7430f5f519167" name="tests/polytope/intersect_test1" file="tests/polytope/intersect_test1.m" status="ok" duration="0.05"></test><test hash="84d2b1f287f616a24d20" name="tests/polytope/isbounded_issue141" file="tests/polytope/isbounded_issue141.m" status="ok" duration="0.02"></test><test hash="efc23b0f2df74a45576d" name="tests/polytope/isbounded_test1" file="tests/polytope/isbounded_test1.m" status="ok" duration="0.01"></test><test hash="e853fb6b9e41ae3c6898" name="tests/polytope/isconvex_test1" file="tests/polytope/isconvex_test1.m" status="ok" duration="0.03"></test><test hash="bedeb072c48232625f1f" name="tests/polytope/isinside_test1" file="tests/polytope/isinside_test1.m" status="ok" duration="0.03"></test><test hash="0fbbb40fd49e2cd10f22" name="tests/polytope/isinside_test2" file="tests/polytope/isinside_test2.m" status="ok" duration="0.05"></test><test hash="44f5ca4f1c872aaa52f3" name="tests/polytope/merge_test1" file="tests/polytope/merge_test1.m" status="ok" duration="0.03"></test><test hash="6ee57ce402f721e06e4b" name="tests/polytope/mtimes_test1" file="tests/polytope/mtimes_test1.m" status="ok" duration="0.05"></test><test hash="d962a015012198b7259d" name="tests/polytope/mtimes_test2" file="tests/polytope/mtimes_test2.m" status="ok" duration="0.06"></test><test hash="2f6b8cec1bd1d2ff73d5" name="tests/polytope/nconstr_test1" file="tests/polytope/nconstr_test1.m" status="ok" duration="0.02"></test><test hash="8e1ba1ee8d415239d48b" name="tests/polytope/neighbors_test1" file="tests/polytope/neighbors_test1.m" status="ok" duration="0.06"></test><test hash="9b7132fad8d9a9463a2d" name="tests/polytope/or_test1" file="tests/polytope/or_test1.m" status="ok" duration="0.02"></test><test hash="907626765ba42d019998" name="tests/polytope/pelemfun_test1" file="tests/polytope/pelemfun_test1.m" status="ok" duration="0.04"></test><test hash="aa41b9b4be6b3f7079b2" name="tests/polytope/plot_test1" file="tests/polytope/plot_test1.m" status="ok" duration="0.11"></test><test hash="6007112c19401cfaa10f" name="tests/polytope/plot_test2" file="tests/polytope/plot_test2.m" status="ok" duration="0.11"></test><test hash="38e5cd9de1709172936a" name="tests/polytope/projection_issue37" file="tests/polytope/projection_issue37.m" status="ok" duration="0.02"></test><test hash="6416d60ab26a7b8432dd" name="tests/polytope/projection_issue38" file="tests/polytope/projection_issue38.m" status="ok" duration="10.48"></test><test hash="8da582c9b4f7d6bcb37a" name="tests/polytope/projection_issue387" file="tests/polytope/projection_issue387.m" status="ok" duration="0.41"></test><test hash="6085cc96f5df7ba74ffa" name="tests/polytope/projection_test1" file="tests/polytope/projection_test1.m" status="ok" duration="0.01"></test><test hash="8b513b871040a5bd384e" name="tests/polytope/projection_test10" file="tests/polytope/projection_test10.m" status="ok" duration="0.02"></test><test hash="6b61a12abb2a189b5f38" name="tests/polytope/projection_test11" file="tests/polytope/projection_test11.m" status="ok" duration="0.12"></test><test hash="a259dbd5d3ecbe7007bb" name="tests/polytope/projection_test12" file="tests/polytope/projection_test12.m" status="ok" duration="0.21"></test><test hash="19e6451904571b50fc88" name="tests/polytope/projection_test14" file="tests/polytope/projection_test14.m" status="ok" duration="0.07"></test><test hash="e33723fa716fdc309108" name="tests/polytope/projection_test2" file="tests/polytope/projection_test2.m" status="ok" duration="1.69"></test><test hash="0611c6d496cb0bfba6dd" name="tests/polytope/projection_test3" file="tests/polytope/projection_test3.m" status="ok" duration="0.57"></test><test hash="9b578d17a99137d69d3f" name="tests/polytope/projection_test4" file="tests/polytope/projection_test4.m" status="ok" duration="0.04"></test><test hash="846baa248fe1bfda27a2" name="tests/polytope/projection_test5" file="tests/polytope/projection_test5.m" status="ok" duration="0.03"></test><test hash="ce0ea5d8b245be5c1e31" name="tests/polytope/projection_test7" file="tests/polytope/projection_test7.m" status="warning" duration="0.01"></test><test hash="af11712eb5e116cc7e46" name="tests/polytope/projection_test8" file="tests/polytope/projection_test8.m" status="ok" duration="0.03"></test><test hash="6ea04fa3bca9a6c6f2fe" name="tests/polytope/projection_test9" file="tests/polytope/projection_test9.m" status="warning" duration="0.01"></test><test hash="03a0bdb3c9468e3ee603" name="tests/polytope/reduce_issue142" file="tests/polytope/reduce_issue142.m" status="ok" duration="0.62"></test><test hash="7b0d2384f58949d123e6" name="tests/polytope/reduce_test1" file="tests/polytope/reduce_test1.m" status="ok" duration="0.03"></test><test hash="4a17aab2a0a253479017" name="tests/polytope/reduce_test2" file="tests/polytope/reduce_test2.m" status="ok" duration="0.02"></test><test hash="9987aa6990d45c87c30a" name="tests/polytope/reduce_test3" file="tests/polytope/reduce_test3.m" status="ok" duration="0.02"></test><test hash="93ba43dc7b61e847e08f" name="tests/polytope/reduce_test4" file="tests/polytope/reduce_test4.m" status="ok" duration="0.22"></test><test hash="7baab7f2a5113ff6cf01" name="tests/polytope/reduce_test5" file="tests/polytope/reduce_test5.m" status="ok" duration="0.05"></test><test hash="6295ded31db76089dd78" name="tests/polytope/regiondiff_test1" file="tests/polytope/regiondiff_test1.m" status="ok" duration="0.05"></test><test hash="664a920ca510ac84cf75" name="tests/polytope/setdiff_issue145" file="tests/polytope/setdiff_issue145.m" status="ok" duration="0.02"></test><test hash="c5fca2bd5dc0266310e8" name="tests/polytope/slice_test1" file="tests/polytope/slice_test1.m" status="ok" duration="0.1"></test><test hash="bf16ffd2cb8fa3df12d7" name="tests/polytope/subsasgn_test1" file="tests/polytope/subsasgn_test1.m" status="ok" duration="0.01"></test><test hash="d9e3a4254c9a9a8d2e21" name="tests/polytope/subsref_test1" file="tests/polytope/subsref_test1.m" status="ok" duration="0.02"></test><test hash="d761c0dc662301fbeade" name="tests/polytope/subsref_test2" file="tests/polytope/subsref_test2.m" status="ok" duration="0.03"></test><test hash="5f02c44b4372bb0967ee" name="tests/polytope/subsref_test3" file="tests/polytope/subsref_test3.m" status="ok" duration="0.03"></test><test hash="49ffc253028a9dab5002" name="tests/polytope/triangulate_test1" file="tests/polytope/triangulate_test1.m" status="ok" duration="0.06"></test><test hash="df49189dd24194ee3614" name="tests/polytope/triangulate_test2" file="tests/polytope/triangulate_test2.m" status="ok" duration="0.07"></test><test hash="7d4a87e7ea2bab57c3af" name="tests/polytope/uminus_test1" file="tests/polytope/uminus_test1.m" status="ok" duration="0.03"></test><test hash="edd0041ace14767a6ddd" name="tests/polytope/uminus_test2" file="tests/polytope/uminus_test2.m" status="ok" duration="0.02"></test><test hash="a9869a1ca1a62c179a56" name="tests/polytope/unique_test1" file="tests/polytope/unique_test1.m" status="ok" duration="0.04"></test><test hash="55b9fd2d8eeea2d8c6f9" name="tests/polytope/uplus_test1" file="tests/polytope/uplus_test1.m" status="ok" duration="0.04"></test><test hash="104c539701f4ec4b8ceb" name="tests/polytope/volume_test1" file="tests/polytope/volume_test1.m" status="ok" duration="1.21"></test><test hash="d3b7a326f196ffa1d1e9" name="tests/simulink/mpt_exportST_test1" file="tests/simulink/mpt_exportST_test1.m" status="ok" duration="0.1"></test><test hash="e720220c91c4f49d5590" name="tests/simulink/mpt_exportc_test1" file="tests/simulink/mpt_exportc_test1.m" status="ok" duration="0.07"></test><test hash="40f0d425166589506dd4" name="tests/simulink/sim_exp_test1" file="tests/simulink/sim_exp_test1.m" status="ok" duration="5.37"></test><test hash="660dddbe15c5d017f908" name="tests/simulink/sim_exp_test2" file="tests/simulink/sim_exp_test2.m" status="ok" duration="4.59"></test><test hash="d21e5448d782589c49af" name="tests/simulink/sim_online_test1" file="tests/simulink/sim_online_test1.m" status="ok" duration="2.15"></test><test hash="3d5e78c07e617c7d1137" name="tests/simulink/sim_online_test2" file="tests/simulink/sim_online_test2.m" status="ok" duration="3.23"></test><test hash="8beb6893b4676c7642a9" name="tests/solvers/lti1d" file="tests/solvers/lti1d.m" status="ok" duration="0.01"></test><test hash="dd83669cfebc53e473a2" name="tests/solvers/mplp_infeasible1" file="tests/solvers/mplp_infeasible1.m" status="ok" duration="0.04"></test><test hash="7c8972de030f062b8222" name="tests/solvers/mpt_mplp_test1" file="tests/solvers/mpt_mplp_test1.m" status="ok" duration="0.1"></test><test hash="8158cc3513cbc8ed29af" name="tests/solvers/mpt_mplp_test10" file="tests/solvers/mpt_mplp_test10.m" status="ok" duration="1.99"></test><test hash="4b7f7c7872ffae09db0b" name="tests/solvers/mpt_mplp_test11" file="tests/solvers/mpt_mplp_test11.m" status="ok" duration="1.87"></test><test hash="ca034ef7a0fbfa8e13ee" name="tests/solvers/mpt_mplp_test12" file="tests/solvers/mpt_mplp_test12.m" status="ok" duration="0.05"></test><test hash="93d3fb16ae07ea89c214" name="tests/solvers/mpt_mplp_test13" file="tests/solvers/mpt_mplp_test13.m" status="ok" duration="0.85"></test><test hash="40fd6495c29cbf8827a8" name="tests/solvers/mpt_mplp_test14" file="tests/solvers/mpt_mplp_test14.m" status="ok" duration="35.4"></test><test hash="3e253fbacf01d0edd80a" name="tests/solvers/mpt_mplp_test17" file="tests/solvers/mpt_mplp_test17.m" status="ok" duration="0.53"></test><test hash="4f5c0000227799ae3dc3" name="tests/solvers/mpt_mplp_test2" file="tests/solvers/mpt_mplp_test2.m" status="ok" duration="0.12"></test><test hash="095b607e04c426f14600" name="tests/solvers/mpt_mplp_test3" file="tests/solvers/mpt_mplp_test3.m" status="ok" duration="9.38"></test><test hash="7be47d5b6ce3f8782084" name="tests/solvers/mpt_mplp_test4" file="tests/solvers/mpt_mplp_test4.m" status="warning" duration="0.83"></test><test hash="a18a6e9004800c9a5bf6" name="tests/solvers/mpt_mplp_test5" file="tests/solvers/mpt_mplp_test5.m" status="ok" duration="18.75"></test><test hash="1a8a9171cb217e2cd2ae" name="tests/solvers/mpt_mplp_test6" file="tests/solvers/mpt_mplp_test6.m" status="ok" duration="2.41"></test><test hash="383dc44a95724c0a5196" name="tests/solvers/mpt_mplp_test7" file="tests/solvers/mpt_mplp_test7.m" status="ok" duration="0.26"></test><test hash="b531cc95447d8f52c519" name="tests/solvers/mpt_mplp_test8" file="tests/solvers/mpt_mplp_test8.m" status="ok" duration="9.87"></test><test hash="27cd67961c92ff99cf60" name="tests/solvers/mpt_mplp_test9" file="tests/solvers/mpt_mplp_test9.m" status="ok" duration="7.95"></test><test hash="e4a4a1127ede0c62d5b4" name="tests/solvers/mpt_mpmilp_test1" file="tests/solvers/mpt_mpmilp_test1.m" status="ok" duration="1.85"></test><test hash="d4dc8cc1efc2bbbe3464" name="tests/solvers/mpt_mpmilp_test2" file="tests/solvers/mpt_mpmilp_test2.m" status="ok" duration="3.27"></test><test hash="468506aa6973392f9f6c" name="tests/solvers/mpt_mpmilp_test3" file="tests/solvers/mpt_mpmilp_test3.m" status="ok" duration="0.87"></test><test hash="4725d6284c869ddc9729" name="tests/solvers/mpt_mpmiqp_test1" file="tests/solvers/mpt_mpmiqp_test1.m" status="ok" duration="3.9"></test><test hash="59efffabd99f74915c85" name="tests/solvers/mpt_mpmiqp_test2" file="tests/solvers/mpt_mpmiqp_test2.m" status="ok" duration="4.14"></test><test hash="73bb1fd857e84cb54ad1" name="tests/solvers/mpt_mpmiqp_test3" file="tests/solvers/mpt_mpmiqp_test3.m" status="ok" duration="2.35"></test><test hash="963e2313c33326773d9b" name="tests/solvers/mpt_mpqp_issue180" file="tests/solvers/mpt_mpqp_issue180.m" status="ok" duration="1"></test><test hash="26eae68f52c4e6011383" name="tests/solvers/mpt_mpqp_test1" file="tests/solvers/mpt_mpqp_test1.m" status="ok" duration="9.76"></test><test hash="81d1fa8b72ee2f8a1fb4" name="tests/solvers/mpt_mpqp_test10" file="tests/solvers/mpt_mpqp_test10.m" status="warning" duration="88.55"></test><test hash="8f01b905db006f126f43" name="tests/solvers/mpt_mpqp_test11" file="tests/solvers/mpt_mpqp_test11.m" status="ok" duration="0.28"></test><test hash="0c6258fb14f53213f141" name="tests/solvers/mpt_mpqp_test2" file="tests/solvers/mpt_mpqp_test2.m" status="warning" duration="0.09"></test><test hash="a821eebed6ea77defeda" name="tests/solvers/mpt_mpqp_test3" file="tests/solvers/mpt_mpqp_test3.m" status="ok" duration="0.27"></test><test hash="b17c7f67aee2e90f430c" name="tests/solvers/mpt_mpqp_test4" file="tests/solvers/mpt_mpqp_test4.m" status="ok" duration="0.09"></test><test hash="11f276a6b6037be6defb" name="tests/solvers/mpt_mpqp_test5" file="tests/solvers/mpt_mpqp_test5.m" status="ok" duration="3"></test><test hash="33188068fc1176662c57" name="tests/solvers/mpt_mpqp_test6" file="tests/solvers/mpt_mpqp_test6.m" status="ok" duration="0.44"></test><test hash="8780953136c984a87372" name="tests/solvers/mpt_mpqp_test7" file="tests/solvers/mpt_mpqp_test7.m" status="ok" duration="0.12"></test><test hash="d7095480b5ab17028ab2" name="tests/solvers/mpt_mpqp_test8" file="tests/solvers/mpt_mpqp_test8.m" status="ok" duration="0.24"></test><test hash="c558d8f5ddd7ee48edc2" name="tests/solvers/mpt_mpqp_test9" file="tests/solvers/mpt_mpqp_test9.m" status="ok" duration="0.27"></test><test hash="0b928e5a0aaf9171de43" name="tests/solvers/mpt_solveLP_test1" file="tests/solvers/mpt_solveLP_test1.m" status="ok" duration="0.05"></test><test hash="e7dcbbc188263f56967f" name="tests/solvers/mpt_solveLP_test2" file="tests/solvers/mpt_solveLP_test2.m" status="warning" duration="0.01"></test><test hash="c1e09842482dc2f116b4" name="tests/solvers/mpt_solveLP_test3" file="tests/solvers/mpt_solveLP_test3.m" status="ok" duration="0.06"></test><test hash="9331dd01927b1ee57f78" name="tests/solvers/mpt_solveLPi_test1" file="tests/solvers/mpt_solveLPi_test1.m" status="ok" duration="0.03"></test><test hash="4cd89e1782e5e0f1fb35" name="tests/solvers/mpt_solveLPs_test1" file="tests/solvers/mpt_solveLPs_test1.m" status="ok" duration="0.03"></test><test hash="01b0b3f7c0ace7814045" name="tests/solvers/mpt_solveMILP_test1" file="tests/solvers/mpt_solveMILP_test1.m" status="ok" duration="0.04"></test><test hash="628971d2e55303d6fef5" name="tests/solvers/mpt_solveMIQP_test1" file="tests/solvers/mpt_solveMIQP_test1.m" status="ok" duration="0.1"></test><test hash="e8806831daf75c7cec7e" name="tests/solvers/mpt_solveMIQP_test2" file="tests/solvers/mpt_solveMIQP_test2.m" status="ok" duration="0.05"></test><test hash="632cad0b87c82a78f090" name="tests/solvers/mpt_solveQP_test1" file="tests/solvers/mpt_solveQP_test1.m" status="warning" duration="0.02"></test><test hash="7120d4b36fcde92cdc24" name="tests/solvers/mpt_solveQP_test2" file="tests/solvers/mpt_solveQP_test2.m" status="ok" duration="0.08"></test><test hash="3e9f741cd966fd503288" name="tests/solvers/mpt_solveQP_test3" file="tests/solvers/mpt_solveQP_test3.m" status="warning" duration="0.26"></test><test hash="08f7d0c2cf58fb1338da" name="tests/solvers/mpt_solveQP_test4" file="tests/solvers/mpt_solveQP_test4.m" status="ok" duration="0.07"></test><test hash="406e5ef99b9b2b9f3bab" name="tests/solvers/mpt_solveQP_test5" file="tests/solvers/mpt_solveQP_test5.m" status="warning" duration="0.12"></test><test hash="c10bd28d163248237023" name="tests/solvers/sedumi_test1" file="tests/solvers/sedumi_test1.m" status="ok" duration="0.75"></test><test hash="c0c91c2baf6e988e4a55" name="tests/ui/mpt_init_test1" file="tests/ui/mpt_init_test1.m" status="ok" duration="5.35"></test><test hash="08b0ccf84176358b4c95" name="tests/ui/mpt_sys_test1" file="tests/ui/mpt_sys_test1.m" status="ok" duration="0.85"></test><test hash="cb12bd7f332c46449747" name="tests/ui/mpt_sys_test2" file="tests/ui/mpt_sys_test2.m" status="ok" duration="0.29"></test><test hash="4b570a66f4e12a53777b" name="tests/ui/mpt_sys_test3" file="tests/ui/mpt_sys_test3.m" status="ok" duration="0.2"></test><test hash="85083ea1aa480ef7e1b0" name="tests/ui/mpt_sys_test4" file="tests/ui/mpt_sys_test4.m" status="ok" duration="0.04"></test><test hash="bf9d636f7106becb9659" name="tests/ui/mpt_sys_test5" file="tests/ui/mpt_sys_test5.m" status="ok" duration="0.06"></test></testsuite></testsuites>
